<?xml version="1.0" encoding="UTF-8"?>
<testsuite xmlns:xsi="http://www.w3.org/2001/XMLSchema-instance" xsi:noNamespaceSchemaLocation="https://maven.apache.org/surefire/maven-surefire-plugin/xsd/surefire-test-report-3.0.xsd" version="3.0" name="health.medunited.emp.EmpResourceTest" time="2.47" tests="1" errors="0" skipped="1" failures="0">
  <properties>
[...]
</properties>
  <testcase name="testHelloEndpoint" classname="health.medunited.emp.EmpResourceTest" time="0">
    <skipped message="public void health.medunited.emp.EmpResourceTest.testHelloEndpoint() is @Disabled"/>
    <system-out><![CDATA[2023-02-15 13:12:31,096 INFO  [io.quarkus] (main) emp-backend 1.0.0-SNAPSHOT on JVM (powered by Quarkus 2.16.0.Final) started in 1.805s. Listening on: http://localhost:8081
2023-02-15 13:12:31,128 INFO  [io.quarkus] (main) Profile test activated. 
2023-02-15 13:12:31,128 INFO  [io.quarkus] (main) Installed features: [cdi, resteasy, smallrye-context-propagation, vertx]
]]></system-out>
  </testcase>
</testsuite>